Сборка начата 30.01.2016 14:57:47.
     1>Проект "C:\Users\123\documents\visual studio 2013\Projects\CardDurak\CardDurak\CardDurak.vcxproj" в узле 2 (целевые объекты Build).
     1>ClCompile:
         C:\Program Files (x86)\Microsoft Visual Studio 12.0\VC\bin\CL.exe /c /ZI /nologo /W3 /WX- /sdl /Od /Oy- /D _MBCS /Gm /EHsc /RTC1 /MDd /GS /fp:precise /Zc:wchar_t /Zc:forScope /Fo"Debug\\" /Fd"Debug\vc120.pdb" /Gd /TC /analyze- /errorReport:prompt getters.cpp
         getters.cpp
     1>c:\users\123\documents\visual studio 2013\projects\carddurak\carddurak\getters.cpp(13): warning C4013: printf: нет определения; предполагается "extern" с возвратом типа "int"
       Link:
         C:\Program Files (x86)\Microsoft Visual Studio 12.0\VC\bin\link.exe /ERRORREPORT:PROMPT /OUT:"C:\Users\123\documents\visual studio 2013\Projects\CardDurak\Debug\CardDurak.exe" /INCREMENTAL /NOLOGO SDL2.lib SDL2main.lib kernel32.lib user32.lib gdi32.lib winspool.lib comdlg32.lib advapi32.lib shell32.lib ole32.lib oleaut32.lib uuid.lib odbc32.lib odbccp32.lib /MANIFEST /MANIFESTUAC:"level='asInvoker' uiAccess='false'" /manifest:embed /DEBUG /PDB:"C:\Users\123\documents\visual studio 2013\Projects\CardDurak\Debug\CardDurak.pdb" /SUBSYSTEM:CONSOLE /TLBID:1 /DYNAMICBASE /NXCOMPAT /IMPLIB:"C:\Users\123\documents\visual studio 2013\Projects\CardDurak\Debug\CardDurak.lib" /MACHINE:X86 Debug\checking.obj
         Debug\check_coords.obj
         Debug\getters.obj
         Debug\initialisation.obj
         Debug\Intellect.obj
         Debug\list_functions.obj
         Debug\main.obj
         Debug\mover.obj
         Debug\rendering.obj
         ..\Debug\SDL2.lib
         ..\Debug\SDL2main.lib
         CardDurak.vcxproj -> C:\Users\123\documents\visual studio 2013\Projects\CardDurak\Debug\CardDurak.exe
     1>Сборка проекта "C:\Users\123\documents\visual studio 2013\Projects\CardDurak\CardDurak\CardDurak.vcxproj" завершена (целевые объекты Build).

Сборка успешно завершена.

Затраченное время: 00:00:00.43
